Started GET "/" for 127.0.0.1 at 2017-05-13 17:36:44 -0400
  
AbstractController::Helpers::MissingHelperError (Missing helper file helpers/c:/users/mike/desktop/coding all/rails/sample_app/app/helpers/application_helper.rb_helper.rb):
  
actionpack (5.0.3) lib/abstract_controller/helpers.rb:152:in `rescue in block in modules_for_helpers'
actionpack (5.0.3) lib/abstract_controller/helpers.rb:149:in `block in modules_for_helpers'
actionpack (5.0.3) lib/abstract_controller/helpers.rb:145:in `map!'
actionpack (5.0.3) lib/abstract_controller/helpers.rb:145:in `modules_for_helpers'
actionpack (5.0.3) lib/action_controller/metal/helpers.rb:93:in `modules_for_helpers'
actionpack (5.0.3) lib/abstract_controller/helpers.rb:109:in `helper'
actionpack (5.0.3) lib/action_controller/railties/helpers.rb:17:in `inherited'
railties (5.0.3) lib/rails/application_controller.rb:1:in `<top (required)>'
activesupport (5.0.3) lib/active_support/dependencies.rb:293:in `require'
activesupport (5.0.3) lib/active_support/dependencies.rb:293:in `block in require'
activesupport (5.0.3) lib/active_support/dependencies.rb:259:in `load_dependency'
activesupport (5.0.3) lib/active_support/dependencies.rb:293:in `require'
railties (5.0.3) lib/rails/welcome_controller.rb:1:in `<top (required)>'
activesupport (5.0.3) lib/active_support/dependencies.rb:293:in `require'
activesupport (5.0.3) lib/active_support/dependencies.rb:293:in `block in require'
activesupport (5.0.3) lib/active_support/dependencies.rb:259:in `load_dependency'
activesupport (5.0.3) lib/active_support/dependencies.rb:293:in `require'
activesupport (5.0.3) lib/active_support/inflector/methods.rb:270:in `const_get'
activesupport (5.0.3) lib/active_support/inflector/methods.rb:270:in `block in constantize'
activesupport (5.0.3) lib/active_support/inflector/methods.rb:266:in `each'
activesupport (5.0.3) lib/active_support/inflector/methods.rb:266:in `inject'
activesupport (5.0.3) lib/active_support/inflector/methods.rb:266:in `constantize'
activesupport (5.0.3) lib/active_support/dependencies.rb:583:in `get'
activesupport (5.0.3) lib/active_support/dependencies.rb:614:in `constantize'
actionpack (5.0.3) lib/action_dispatch/http/request.rb:81:in `controller_class'
actionpack (5.0.3) lib/action_dispatch/routing/route_set.rb:44:in `controller'
actionpack (5.0.3) lib/action_dispatch/routing/route_set.rb:30:in `serve'
actionpack (5.0.3) lib/action_dispatch/journey/router.rb:39:in `block in serve'
actionpack (5.0.3) lib/action_dispatch/journey/router.rb:26:in `each'
actionpack (5.0.3) lib/action_dispatch/journey/router.rb:26:in `serve'
actionpack (5.0.3) lib/action_dispatch/routing/route_set.rb:725:in `call'
rack (2.0.2) lib/rack/etag.rb:25:in `call'
rack (2.0.2) lib/rack/conditional_get.rb:25:in `call'
rack (2.0.2) lib/rack/head.rb:12:in `call'
rack (2.0.2) lib/rack/session/abstract/id.rb:232:in `context'
rack (2.0.2) lib/rack/session/abstract/id.rb:226:in `call'
actionpack (5.0.3) lib/action_dispatch/middleware/cookies.rb:613:in `call'
activerecord (5.0.3) lib/active_record/migration.rb:553:in `call'
actionpack (5.0.3) lib/action_dispatch/middleware/callbacks.rb:38:in `block in call'
activesupport (5.0.3) lib/active_support/callbacks.rb:97:in `__run_callbacks__'
activesupport (5.0.3) lib/active_support/callbacks.rb:750:in `_run_call_callbacks'
activesupport (5.0.3) lib/active_support/callbacks.rb:90:in `run_callbacks'
actionpack (5.0.3) lib/action_dispatch/middleware/callbacks.rb:36:in `call'
actionpack (5.0.3) lib/action_dispatch/middleware/executor.rb:12:in `call'
actionpack (5.0.3) lib/action_dispatch/middleware/remote_ip.rb:79:in `call'
actionpack (5.0.3) lib/action_dispatch/middleware/debug_exceptions.rb:49:in `call'
web-console (3.5.1) lib/web_console/middleware.rb:135:in `call_app'
web-console (3.5.1) lib/web_console/middleware.rb:28:in `block in call'
web-console (3.5.1) lib/web_console/middleware.rb:18:in `catch'
web-console (3.5.1) lib/web_console/middleware.rb:18:in `call'
actionpack (5.0.3) lib/action_dispatch/middleware/show_exceptions.rb:31:in `call'
railties (5.0.3) lib/rails/rack/logger.rb:36:in `call_app'
railties (5.0.3) lib/rails/rack/logger.rb:24:in `block in call'
activesupport (5.0.3) lib/active_support/tagged_logging.rb:69:in `block in tagged'
activesupport (5.0.3) lib/active_support/tagged_logging.rb:26:in `tagged'
activesupport (5.0.3) lib/active_support/tagged_logging.rb:69:in `tagged'
railties (5.0.3) lib/rails/rack/logger.rb:24:in `call'
sprockets-rails (3.2.0) lib/sprockets/rails/quiet_assets.rb:13:in `call'
actionpack (5.0.3) lib/action_dispatch/middleware/request_id.rb:24:in `call'
rack (2.0.2) lib/rack/method_override.rb:22:in `call'
rack (2.0.2) lib/rack/runtime.rb:22:in `call'
activesupport (5.0.3) lib/active_support/cache/strategy/local_cache_middleware.rb:28:in `call'
actionpack (5.0.3) lib/action_dispatch/middleware/executor.rb:12:in `call'
actionpack (5.0.3) lib/action_dispatch/middleware/static.rb:136:in `call'
rack (2.0.2) lib/rack/sendfile.rb:111:in `call'
railties (5.0.3) lib/rails/engine.rb:522:in `call'
puma (3.8.2) lib/puma/configuration.rb:224:in `call'
puma (3.8.2) lib/puma/server.rb:600:in `handle_request'
puma (3.8.2) lib/puma/server.rb:435:in `process_client'
puma (3.8.2) lib/puma/server.rb:299:in `block in run'
puma (3.8.2) lib/puma/thread_pool.rb:120:in `block in spawn_thread'
  Rendering c:/RailsInstaller/Ruby2.3.0/lib/ruby/gems/2.3.0/gems/actionpack-5.0.3/lib/action_dispatch/middleware/templates/rescues/diagnostics.html.erb within rescues/layout
  Rendering c:/RailsInstaller/Ruby2.3.0/lib/ruby/gems/2.3.0/gems/actionpack-5.0.3/lib/action_dispatch/middleware/templates/rescues/_source.html.erb
  Rendered c:/RailsInstaller/Ruby2.3.0/lib/ruby/gems/2.3.0/gems/actionpack-5.0.3/lib/action_dispatch/middleware/templates/rescues/_source.html.erb (4.0ms)
  Rendering c:/RailsInstaller/Ruby2.3.0/lib/ruby/gems/2.3.0/gems/actionpack-5.0.3/lib/action_dispatch/middleware/templates/rescues/_trace.html.erb
  Rendered c:/RailsInstaller/Ruby2.3.0/lib/ruby/gems/2.3.0/gems/actionpack-5.0.3/lib/action_dispatch/middleware/templates/rescues/_trace.html.erb (2.0ms)
  Rendering c:/RailsInstaller/Ruby2.3.0/lib/ruby/gems/2.3.0/gems/actionpack-5.0.3/lib/action_dispatch/middleware/templates/rescues/_request_and_response.html.erb
  Rendered c:/RailsInstaller/Ruby2.3.0/lib/ruby/gems/2.3.0/gems/actionpack-5.0.3/lib/action_dispatch/middleware/templates/rescues/_request_and_response.html.erb (20.0ms)
  Rendered c:/RailsInstaller/Ruby2.3.0/lib/ruby/gems/2.3.0/gems/actionpack-5.0.3/lib/action_dispatch/middleware/templates/rescues/diagnostics.html.erb within rescues/layout (1311.9ms)
Started GET "/" for 127.0.0.1 at 2017-05-13 17:37:04 -0400
Processing by Rails::WelcomeController#index as HTML
  Parameters: {"internal"=>true}
  Rendering c:/RailsInstaller/Ruby2.3.0/lib/ruby/gems/2.3.0/gems/railties-5.0.3/lib/rails/templates/rails/welcome/index.html.erb
  Rendered c:/RailsInstaller/Ruby2.3.0/lib/ruby/gems/2.3.0/gems/railties-5.0.3/lib/rails/templates/rails/welcome/index.html.erb (5.0ms)
Completed 200 OK in 81ms (Views: 42.7ms | ActiveRecord: 0.0ms)


Started GET "/" for 127.0.0.1 at 2017-05-13 17:37:20 -0400
Processing by Rails::WelcomeController#index as HTML
  Parameters: {"internal"=>true}
  Rendering c:/RailsInstaller/Ruby2.3.0/lib/ruby/gems/2.3.0/gems/railties-5.0.3/lib/rails/templates/rails/welcome/index.html.erb
  Rendered c:/RailsInstaller/Ruby2.3.0/lib/ruby/gems/2.3.0/gems/railties-5.0.3/lib/rails/templates/rails/welcome/index.html.erb (8.0ms)
Completed 200 OK in 55ms (Views: 32.3ms | ActiveRecord: 0.0ms)


Started GET "/" for 127.0.0.1 at 2017-05-13 17:39:01 -0400
Processing by Rails::WelcomeController#index as HTML
  Parameters: {"internal"=>true}
  Rendering c:/RailsInstaller/Ruby2.3.0/lib/ruby/gems/2.3.0/gems/railties-5.0.3/lib/rails/templates/rails/welcome/index.html.erb
  Rendered c:/RailsInstaller/Ruby2.3.0/lib/ruby/gems/2.3.0/gems/railties-5.0.3/lib/rails/templates/rails/welcome/index.html.erb (4.0ms)
Completed 200 OK in 65ms (Views: 33.7ms | ActiveRecord: 0.0ms)


Started GET "/" for 127.0.0.1 at 2017-05-13 17:54:36 -0400
  
AbstractController::Helpers::MissingHelperError (Missing helper file helpers/c:/users/mike/desktop/coding all/rails/sample_app/app/helpers/application_helper.rb_helper.rb):
  
actionpack (5.0.3) lib/abstract_controller/helpers.rb:152:in `rescue in block in modules_for_helpers'
actionpack (5.0.3) lib/abstract_controller/helpers.rb:149:in `block in modules_for_helpers'
actionpack (5.0.3) lib/abstract_controller/helpers.rb:145:in `map!'
actionpack (5.0.3) lib/abstract_controller/helpers.rb:145:in `modules_for_helpers'
actionpack (5.0.3) lib/action_controller/metal/helpers.rb:93:in `modules_for_helpers'
actionpack (5.0.3) lib/abstract_controller/helpers.rb:109:in `helper'
actionpack (5.0.3) lib/action_controller/railties/helpers.rb:17:in `inherited'
railties (5.0.3) lib/rails/application_controller.rb:1:in `<top (required)>'
activesupport (5.0.3) lib/active_support/dependencies.rb:293:in `require'
activesupport (5.0.3) lib/active_support/dependencies.rb:293:in `block in require'
activesupport (5.0.3) lib/active_support/dependencies.rb:259:in `load_dependency'
activesupport (5.0.3) lib/active_support/dependencies.rb:293:in `require'
railties (5.0.3) lib/rails/welcome_controller.rb:1:in `<top (required)>'
activesupport (5.0.3) lib/active_support/dependencies.rb:293:in `require'
activesupport (5.0.3) lib/active_support/dependencies.rb:293:in `block in require'
activesupport (5.0.3) lib/active_support/dependencies.rb:259:in `load_dependency'
activesupport (5.0.3) lib/active_support/dependencies.rb:293:in `require'
activesupport (5.0.3) lib/active_support/inflector/methods.rb:270:in `const_get'
activesupport (5.0.3) lib/active_support/inflector/methods.rb:270:in `block in constantize'
activesupport (5.0.3) lib/active_support/inflector/methods.rb:266:in `each'
activesupport (5.0.3) lib/active_support/inflector/methods.rb:266:in `inject'
activesupport (5.0.3) lib/active_support/inflector/methods.rb:266:in `constantize'
activesupport (5.0.3) lib/active_support/dependencies.rb:583:in `get'
activesupport (5.0.3) lib/active_support/dependencies.rb:614:in `constantize'
actionpack (5.0.3) lib/action_dispatch/http/request.rb:81:in `controller_class'
actionpack (5.0.3) lib/action_dispatch/routing/route_set.rb:44:in `controller'
actionpack (5.0.3) lib/action_dispatch/routing/route_set.rb:30:in `serve'
actionpack (5.0.3) lib/action_dispatch/journey/router.rb:39:in `block in serve'
actionpack (5.0.3) lib/action_dispatch/journey/router.rb:26:in `each'
actionpack (5.0.3) lib/action_dispatch/journey/router.rb:26:in `serve'
actionpack (5.0.3) lib/action_dispatch/routing/route_set.rb:725:in `call'
rack (2.0.2) lib/rack/etag.rb:25:in `call'
rack (2.0.2) lib/rack/conditional_get.rb:25:in `call'
rack (2.0.2) lib/rack/head.rb:12:in `call'
rack (2.0.2) lib/rack/session/abstract/id.rb:232:in `context'
rack (2.0.2) lib/rack/session/abstract/id.rb:226:in `call'
actionpack (5.0.3) lib/action_dispatch/middleware/cookies.rb:613:in `call'
activerecord (5.0.3) lib/active_record/migration.rb:553:in `call'
actionpack (5.0.3) lib/action_dispatch/middleware/callbacks.rb:38:in `block in call'
activesupport (5.0.3) lib/active_support/callbacks.rb:97:in `__run_callbacks__'
activesupport (5.0.3) lib/active_support/callbacks.rb:750:in `_run_call_callbacks'
activesupport (5.0.3) lib/active_support/callbacks.rb:90:in `run_callbacks'
actionpack (5.0.3) lib/action_dispatch/middleware/callbacks.rb:36:in `call'
actionpack (5.0.3) lib/action_dispatch/middleware/executor.rb:12:in `call'
actionpack (5.0.3) lib/action_dispatch/middleware/remote_ip.rb:79:in `call'
actionpack (5.0.3) lib/action_dispatch/middleware/debug_exceptions.rb:49:in `call'
web-console (3.5.1) lib/web_console/middleware.rb:135:in `call_app'
web-console (3.5.1) lib/web_console/middleware.rb:28:in `block in call'
web-console (3.5.1) lib/web_console/middleware.rb:18:in `catch'
web-console (3.5.1) lib/web_console/middleware.rb:18:in `call'
actionpack (5.0.3) lib/action_dispatch/middleware/show_exceptions.rb:31:in `call'
railties (5.0.3) lib/rails/rack/logger.rb:36:in `call_app'
railties (5.0.3) lib/rails/rack/logger.rb:24:in `block in call'
activesupport (5.0.3) lib/active_support/tagged_logging.rb:69:in `block in tagged'
activesupport (5.0.3) lib/active_support/tagged_logging.rb:26:in `tagged'
activesupport (5.0.3) lib/active_support/tagged_logging.rb:69:in `tagged'
railties (5.0.3) lib/rails/rack/logger.rb:24:in `call'
sprockets-rails (3.2.0) lib/sprockets/rails/quiet_assets.rb:13:in `call'
actionpack (5.0.3) lib/action_dispatch/middleware/request_id.rb:24:in `call'
rack (2.0.2) lib/rack/method_override.rb:22:in `call'
rack (2.0.2) lib/rack/runtime.rb:22:in `call'
activesupport (5.0.3) lib/active_support/cache/strategy/local_cache_middleware.rb:28:in `call'
actionpack (5.0.3) lib/action_dispatch/middleware/executor.rb:12:in `call'
actionpack (5.0.3) lib/action_dispatch/middleware/static.rb:136:in `call'
rack (2.0.2) lib/rack/sendfile.rb:111:in `call'
railties (5.0.3) lib/rails/engine.rb:522:in `call'
puma (3.8.2) lib/puma/configuration.rb:224:in `call'
puma (3.8.2) lib/puma/server.rb:600:in `handle_request'
puma (3.8.2) lib/puma/server.rb:435:in `process_client'
puma (3.8.2) lib/puma/server.rb:299:in `block in run'
puma (3.8.2) lib/puma/thread_pool.rb:120:in `block in spawn_thread'
  Rendering c:/RailsInstaller/Ruby2.3.0/lib/ruby/gems/2.3.0/gems/actionpack-5.0.3/lib/action_dispatch/middleware/templates/rescues/diagnostics.html.erb within rescues/layout
  Rendering c:/RailsInstaller/Ruby2.3.0/lib/ruby/gems/2.3.0/gems/actionpack-5.0.3/lib/action_dispatch/middleware/templates/rescues/_source.html.erb
  Rendered c:/RailsInstaller/Ruby2.3.0/lib/ruby/gems/2.3.0/gems/actionpack-5.0.3/lib/action_dispatch/middleware/templates/rescues/_source.html.erb (5.0ms)
  Rendering c:/RailsInstaller/Ruby2.3.0/lib/ruby/gems/2.3.0/gems/actionpack-5.0.3/lib/action_dispatch/middleware/templates/rescues/_trace.html.erb
  Rendered c:/RailsInstaller/Ruby2.3.0/lib/ruby/gems/2.3.0/gems/actionpack-5.0.3/lib/action_dispatch/middleware/templates/rescues/_trace.html.erb (2.0ms)
  Rendering c:/RailsInstaller/Ruby2.3.0/lib/ruby/gems/2.3.0/gems/actionpack-5.0.3/lib/action_dispatch/middleware/templates/rescues/_request_and_response.html.erb
  Rendered c:/RailsInstaller/Ruby2.3.0/lib/ruby/gems/2.3.0/gems/actionpack-5.0.3/lib/action_dispatch/middleware/templates/rescues/_request_and_response.html.erb (19.0ms)
  Rendered c:/RailsInstaller/Ruby2.3.0/lib/ruby/gems/2.3.0/gems/actionpack-5.0.3/lib/action_dispatch/middleware/templates/rescues/diagnostics.html.erb within rescues/layout (1237.9ms)
Started GET "/" for 127.0.0.1 at 2017-05-13 17:54:47 -0400
Processing by Rails::WelcomeController#index as HTML
  Parameters: {"internal"=>true}
  Rendering c:/RailsInstaller/Ruby2.3.0/lib/ruby/gems/2.3.0/gems/railties-5.0.3/lib/rails/templates/rails/welcome/index.html.erb
  Rendered c:/RailsInstaller/Ruby2.3.0/lib/ruby/gems/2.3.0/gems/railties-5.0.3/lib/rails/templates/rails/welcome/index.html.erb (4.0ms)
Completed 200 OK in 72ms (Views: 38.4ms | ActiveRecord: 0.0ms)


Started GET "/" for 127.0.0.1 at 2017-05-13 18:01:11 -0400
  
AbstractController::Helpers::MissingHelperError (Missing helper file helpers/c:/users/mike/desktop/coding all/rails/sample_app/app/helpers/application_helper.rb_helper.rb):
  
actionpack (5.0.3) lib/abstract_controller/helpers.rb:152:in `rescue in block in modules_for_helpers'
actionpack (5.0.3) lib/abstract_controller/helpers.rb:149:in `block in modules_for_helpers'
actionpack (5.0.3) lib/abstract_controller/helpers.rb:145:in `map!'
actionpack (5.0.3) lib/abstract_controller/helpers.rb:145:in `modules_for_helpers'
actionpack (5.0.3) lib/action_controller/metal/helpers.rb:93:in `modules_for_helpers'
actionpack (5.0.3) lib/abstract_controller/helpers.rb:109:in `helper'
actionpack (5.0.3) lib/action_controller/railties/helpers.rb:17:in `inherited'
railties (5.0.3) lib/rails/application_controller.rb:1:in `<top (required)>'
activesupport (5.0.3) lib/active_support/dependencies.rb:293:in `require'
activesupport (5.0.3) lib/active_support/dependencies.rb:293:in `block in require'
activesupport (5.0.3) lib/active_support/dependencies.rb:259:in `load_dependency'
activesupport (5.0.3) lib/active_support/dependencies.rb:293:in `require'
railties (5.0.3) lib/rails/welcome_controller.rb:1:in `<top (required)>'
activesupport (5.0.3) lib/active_support/dependencies.rb:293:in `require'
activesupport (5.0.3) lib/active_support/dependencies.rb:293:in `block in require'
activesupport (5.0.3) lib/active_support/dependencies.rb:259:in `load_dependency'
activesupport (5.0.3) lib/active_support/dependencies.rb:293:in `require'
activesupport (5.0.3) lib/active_support/inflector/methods.rb:270:in `const_get'
activesupport (5.0.3) lib/active_support/inflector/methods.rb:270:in `block in constantize'
activesupport (5.0.3) lib/active_support/inflector/methods.rb:266:in `each'
activesupport (5.0.3) lib/active_support/inflector/methods.rb:266:in `inject'
activesupport (5.0.3) lib/active_support/inflector/methods.rb:266:in `constantize'
activesupport (5.0.3) lib/active_support/dependencies.rb:583:in `get'
activesupport (5.0.3) lib/active_support/dependencies.rb:614:in `constantize'
actionpack (5.0.3) lib/action_dispatch/http/request.rb:81:in `controller_class'
actionpack (5.0.3) lib/action_dispatch/routing/route_set.rb:44:in `controller'
actionpack (5.0.3) lib/action_dispatch/routing/route_set.rb:30:in `serve'
actionpack (5.0.3) lib/action_dispatch/journey/router.rb:39:in `block in serve'
actionpack (5.0.3) lib/action_dispatch/journey/router.rb:26:in `each'
actionpack (5.0.3) lib/action_dispatch/journey/router.rb:26:in `serve'
actionpack (5.0.3) lib/action_dispatch/routing/route_set.rb:725:in `call'
rack (2.0.2) lib/rack/etag.rb:25:in `call'
rack (2.0.2) lib/rack/conditional_get.rb:25:in `call'
rack (2.0.2) lib/rack/head.rb:12:in `call'
rack (2.0.2) lib/rack/session/abstract/id.rb:232:in `context'
rack (2.0.2) lib/rack/session/abstract/id.rb:226:in `call'
actionpack (5.0.3) lib/action_dispatch/middleware/cookies.rb:613:in `call'
activerecord (5.0.3) lib/active_record/migration.rb:553:in `call'
actionpack (5.0.3) lib/action_dispatch/middleware/callbacks.rb:38:in `block in call'
activesupport (5.0.3) lib/active_support/callbacks.rb:97:in `__run_callbacks__'
activesupport (5.0.3) lib/active_support/callbacks.rb:750:in `_run_call_callbacks'
activesupport (5.0.3) lib/active_support/callbacks.rb:90:in `run_callbacks'
actionpack (5.0.3) lib/action_dispatch/middleware/callbacks.rb:36:in `call'
actionpack (5.0.3) lib/action_dispatch/middleware/executor.rb:12:in `call'
actionpack (5.0.3) lib/action_dispatch/middleware/remote_ip.rb:79:in `call'
actionpack (5.0.3) lib/action_dispatch/middleware/debug_exceptions.rb:49:in `call'
web-console (3.5.1) lib/web_console/middleware.rb:135:in `call_app'
web-console (3.5.1) lib/web_console/middleware.rb:28:in `block in call'
web-console (3.5.1) lib/web_console/middleware.rb:18:in `catch'
web-console (3.5.1) lib/web_console/middleware.rb:18:in `call'
actionpack (5.0.3) lib/action_dispatch/middleware/show_exceptions.rb:31:in `call'
railties (5.0.3) lib/rails/rack/logger.rb:36:in `call_app'
railties (5.0.3) lib/rails/rack/logger.rb:24:in `block in call'
activesupport (5.0.3) lib/active_support/tagged_logging.rb:69:in `block in tagged'
activesupport (5.0.3) lib/active_support/tagged_logging.rb:26:in `tagged'
activesupport (5.0.3) lib/active_support/tagged_logging.rb:69:in `tagged'
railties (5.0.3) lib/rails/rack/logger.rb:24:in `call'
sprockets-rails (3.2.0) lib/sprockets/rails/quiet_assets.rb:13:in `call'
actionpack (5.0.3) lib/action_dispatch/middleware/request_id.rb:24:in `call'
rack (2.0.2) lib/rack/method_override.rb:22:in `call'
rack (2.0.2) lib/rack/runtime.rb:22:in `call'
activesupport (5.0.3) lib/active_support/cache/strategy/local_cache_middleware.rb:28:in `call'
actionpack (5.0.3) lib/action_dispatch/middleware/executor.rb:12:in `call'
actionpack (5.0.3) lib/action_dispatch/middleware/static.rb:136:in `call'
rack (2.0.2) lib/rack/sendfile.rb:111:in `call'
railties (5.0.3) lib/rails/engine.rb:522:in `call'
puma (3.8.2) lib/puma/configuration.rb:224:in `call'
puma (3.8.2) lib/puma/server.rb:600:in `handle_request'
puma (3.8.2) lib/puma/server.rb:435:in `process_client'
puma (3.8.2) lib/puma/server.rb:299:in `block in run'
puma (3.8.2) lib/puma/thread_pool.rb:120:in `block in spawn_thread'
  Rendering c:/RailsInstaller/Ruby2.3.0/lib/ruby/gems/2.3.0/gems/actionpack-5.0.3/lib/action_dispatch/middleware/templates/rescues/diagnostics.html.erb within rescues/layout
  Rendering c:/RailsInstaller/Ruby2.3.0/lib/ruby/gems/2.3.0/gems/actionpack-5.0.3/lib/action_dispatch/middleware/templates/rescues/_source.html.erb
  Rendered c:/RailsInstaller/Ruby2.3.0/lib/ruby/gems/2.3.0/gems/actionpack-5.0.3/lib/action_dispatch/middleware/templates/rescues/_source.html.erb (4.0ms)
  Rendering c:/RailsInstaller/Ruby2.3.0/lib/ruby/gems/2.3.0/gems/actionpack-5.0.3/lib/action_dispatch/middleware/templates/rescues/_trace.html.erb
  Rendered c:/RailsInstaller/Ruby2.3.0/lib/ruby/gems/2.3.0/gems/actionpack-5.0.3/lib/action_dispatch/middleware/templates/rescues/_trace.html.erb (2.0ms)
  Rendering c:/RailsInstaller/Ruby2.3.0/lib/ruby/gems/2.3.0/gems/actionpack-5.0.3/lib/action_dispatch/middleware/templates/rescues/_request_and_response.html.erb
  Rendered c:/RailsInstaller/Ruby2.3.0/lib/ruby/gems/2.3.0/gems/actionpack-5.0.3/lib/action_dispatch/middleware/templates/rescues/_request_and_response.html.erb (18.0ms)
  Rendered c:/RailsInstaller/Ruby2.3.0/lib/ruby/gems/2.3.0/gems/actionpack-5.0.3/lib/action_dispatch/middleware/templates/rescues/diagnostics.html.erb within rescues/layout (1235.9ms)
Started GET "/" for 127.0.0.1 at 2017-05-13 18:01:27 -0400
Processing by Rails::WelcomeController#index as HTML
  Parameters: {"internal"=>true}
  Rendering c:/RailsInstaller/Ruby2.3.0/lib/ruby/gems/2.3.0/gems/railties-5.0.3/lib/rails/templates/rails/welcome/index.html.erb
  Rendered c:/RailsInstaller/Ruby2.3.0/lib/ruby/gems/2.3.0/gems/railties-5.0.3/lib/rails/templates/rails/welcome/index.html.erb (3.0ms)
Completed 200 OK in 73ms (Views: 38.1ms | ActiveRecord: 0.0ms)


Started GET "/" for 127.0.0.1 at 2017-05-13 18:01:33 -0400
Processing by Rails::WelcomeController#index as HTML
  Parameters: {"internal"=>true}
  Rendering c:/RailsInstaller/Ruby2.3.0/lib/ruby/gems/2.3.0/gems/railties-5.0.3/lib/rails/templates/rails/welcome/index.html.erb
  Rendered c:/RailsInstaller/Ruby2.3.0/lib/ruby/gems/2.3.0/gems/railties-5.0.3/lib/rails/templates/rails/welcome/index.html.erb (6.0ms)
Completed 200 OK in 72ms (Views: 38.6ms | ActiveRecord: 0.0ms)


Started GET "/" for 127.0.0.1 at 2017-05-13 18:04:21 -0400
  
AbstractController::Helpers::MissingHelperError (Missing helper file helpers/c:/users/mike/desktop/coding all/rails/sample_app/app/helpers/application_helper.rb_helper.rb):
  
app/controllers/application_controller.rb:1:in `<top (required)>'
  Rendering c:/RailsInstaller/Ruby2.3.0/lib/ruby/gems/2.3.0/gems/actionpack-5.0.3/lib/action_dispatch/middleware/templates/rescues/diagnostics.html.erb within rescues/layout
  Rendering c:/RailsInstaller/Ruby2.3.0/lib/ruby/gems/2.3.0/gems/actionpack-5.0.3/lib/action_dispatch/middleware/templates/rescues/_source.html.erb
  Rendered c:/RailsInstaller/Ruby2.3.0/lib/ruby/gems/2.3.0/gems/actionpack-5.0.3/lib/action_dispatch/middleware/templates/rescues/_source.html.erb (4.0ms)
  Rendering c:/RailsInstaller/Ruby2.3.0/lib/ruby/gems/2.3.0/gems/actionpack-5.0.3/lib/action_dispatch/middleware/templates/rescues/_trace.html.erb
  Rendered c:/RailsInstaller/Ruby2.3.0/lib/ruby/gems/2.3.0/gems/actionpack-5.0.3/lib/action_dispatch/middleware/templates/rescues/_trace.html.erb (1.0ms)
  Rendering c:/RailsInstaller/Ruby2.3.0/lib/ruby/gems/2.3.0/gems/actionpack-5.0.3/lib/action_dispatch/middleware/templates/rescues/_request_and_response.html.erb
  Rendered c:/RailsInstaller/Ruby2.3.0/lib/ruby/gems/2.3.0/gems/actionpack-5.0.3/lib/action_dispatch/middleware/templates/rescues/_request_and_response.html.erb (13.0ms)
  Rendered c:/RailsInstaller/Ruby2.3.0/lib/ruby/gems/2.3.0/gems/actionpack-5.0.3/lib/action_dispatch/middleware/templates/rescues/diagnostics.html.erb within rescues/layout (848.6ms)
Started POST "/__web_console/repl_sessions/695f3e7f848d44fc86a44dfc2af1a42c/trace" for 127.0.0.1 at 2017-05-13 18:06:14 -0400
Started GET "/" for 127.0.0.1 at 2017-05-13 18:06:50 -0400
  
AbstractController::Helpers::MissingHelperError (Missing helper file helpers/c:/users/mike/desktop/coding all/rails/sample_app/app/helpers/application_helper.rb_helper.rb):
  
app/controllers/application_controller.rb:1:in `<top (required)>'
  Rendering c:/RailsInstaller/Ruby2.3.0/lib/ruby/gems/2.3.0/gems/actionpack-5.0.3/lib/action_dispatch/middleware/templates/rescues/diagnostics.html.erb within rescues/layout
  Rendering c:/RailsInstaller/Ruby2.3.0/lib/ruby/gems/2.3.0/gems/actionpack-5.0.3/lib/action_dispatch/middleware/templates/rescues/_source.html.erb
  Rendered c:/RailsInstaller/Ruby2.3.0/lib/ruby/gems/2.3.0/gems/actionpack-5.0.3/lib/action_dispatch/middleware/templates/rescues/_source.html.erb (3.0ms)
  Rendering c:/RailsInstaller/Ruby2.3.0/lib/ruby/gems/2.3.0/gems/actionpack-5.0.3/lib/action_dispatch/middleware/templates/rescues/_trace.html.erb
  Rendered c:/RailsInstaller/Ruby2.3.0/lib/ruby/gems/2.3.0/gems/actionpack-5.0.3/lib/action_dispatch/middleware/templates/rescues/_trace.html.erb (2.0ms)
  Rendering c:/RailsInstaller/Ruby2.3.0/lib/ruby/gems/2.3.0/gems/actionpack-5.0.3/lib/action_dispatch/middleware/templates/rescues/_request_and_response.html.erb
  Rendered c:/RailsInstaller/Ruby2.3.0/lib/ruby/gems/2.3.0/gems/actionpack-5.0.3/lib/action_dispatch/middleware/templates/rescues/_request_and_response.html.erb (13.0ms)
  Rendered c:/RailsInstaller/Ruby2.3.0/lib/ruby/gems/2.3.0/gems/actionpack-5.0.3/lib/action_dispatch/middleware/templates/rescues/diagnostics.html.erb within rescues/layout (855.6ms)
Started GET "/" for 127.0.0.1 at 2017-05-13 18:06:57 -0400
  
AbstractController::Helpers::MissingHelperError (Missing helper file helpers/c:/users/mike/desktop/coding all/rails/sample_app/app/helpers/application_helper.rb_helper.rb):
  
app/controllers/application_controller.rb:1:in `<top (required)>'
  Rendering c:/RailsInstaller/Ruby2.3.0/lib/ruby/gems/2.3.0/gems/actionpack-5.0.3/lib/action_dispatch/middleware/templates/rescues/diagnostics.html.erb within rescues/layout
  Rendering c:/RailsInstaller/Ruby2.3.0/lib/ruby/gems/2.3.0/gems/actionpack-5.0.3/lib/action_dispatch/middleware/templates/rescues/_source.html.erb
  Rendered c:/RailsInstaller/Ruby2.3.0/lib/ruby/gems/2.3.0/gems/actionpack-5.0.3/lib/action_dispatch/middleware/templates/rescues/_source.html.erb (5.0ms)
  Rendering c:/RailsInstaller/Ruby2.3.0/lib/ruby/gems/2.3.0/gems/actionpack-5.0.3/lib/action_dispatch/middleware/templates/rescues/_trace.html.erb
  Rendered c:/RailsInstaller/Ruby2.3.0/lib/ruby/gems/2.3.0/gems/actionpack-5.0.3/lib/action_dispatch/middleware/templates/rescues/_trace.html.erb (2.0ms)
  Rendering c:/RailsInstaller/Ruby2.3.0/lib/ruby/gems/2.3.0/gems/actionpack-5.0.3/lib/action_dispatch/middleware/templates/rescues/_request_and_response.html.erb
  Rendered c:/RailsInstaller/Ruby2.3.0/lib/ruby/gems/2.3.0/gems/actionpack-5.0.3/lib/action_dispatch/middleware/templates/rescues/_request_and_response.html.erb (1.0ms)
  Rendered c:/RailsInstaller/Ruby2.3.0/lib/ruby/gems/2.3.0/gems/actionpack-5.0.3/lib/action_dispatch/middleware/templates/rescues/diagnostics.html.erb within rescues/layout (1196.9ms)
Started GET "/" for 127.0.0.1 at 2017-05-13 18:12:57 -0400
  
AbstractController::Helpers::MissingHelperError (Missing helper file helpers/c:/users/mike/desktop/coding_all/rails/sample_app/app/helpers/application_helper.rb_helper.rb):
  
app/controllers/application_controller.rb:1:in `<top (required)>'
  Rendering c:/RailsInstaller/Ruby2.3.0/lib/ruby/gems/2.3.0/gems/actionpack-5.0.3/lib/action_dispatch/middleware/templates/rescues/diagnostics.html.erb within rescues/layout
  Rendering c:/RailsInstaller/Ruby2.3.0/lib/ruby/gems/2.3.0/gems/actionpack-5.0.3/lib/action_dispatch/middleware/templates/rescues/_source.html.erb
  Rendered c:/RailsInstaller/Ruby2.3.0/lib/ruby/gems/2.3.0/gems/actionpack-5.0.3/lib/action_dispatch/middleware/templates/rescues/_source.html.erb (4.0ms)
  Rendering c:/RailsInstaller/Ruby2.3.0/lib/ruby/gems/2.3.0/gems/actionpack-5.0.3/lib/action_dispatch/middleware/templates/rescues/_trace.html.erb
  Rendered c:/RailsInstaller/Ruby2.3.0/lib/ruby/gems/2.3.0/gems/actionpack-5.0.3/lib/action_dispatch/middleware/templates/rescues/_trace.html.erb (2.0ms)
  Rendering c:/RailsInstaller/Ruby2.3.0/lib/ruby/gems/2.3.0/gems/actionpack-5.0.3/lib/action_dispatch/middleware/templates/rescues/_request_and_response.html.erb
  Rendered c:/RailsInstaller/Ruby2.3.0/lib/ruby/gems/2.3.0/gems/actionpack-5.0.3/lib/action_dispatch/middleware/templates/rescues/_request_and_response.html.erb (19.0ms)
  Rendered c:/RailsInstaller/Ruby2.3.0/lib/ruby/gems/2.3.0/gems/actionpack-5.0.3/lib/action_dispatch/middleware/templates/rescues/diagnostics.html.erb within rescues/layout (1305.9ms)
Started GET "/" for 127.0.0.1 at 2017-05-13 18:14:45 -0400
  
AbstractController::Helpers::MissingHelperError (Missing helper file helpers/c:/users/mike/desktop/coding_all/rails/sample_app/app/helpers/application_helper.rb_helper.rb):
  
app/controllers/application_controller.rb:1:in `<top (required)>'
  Rendering c:/RailsInstaller/Ruby2.3.0/lib/ruby/gems/2.3.0/gems/actionpack-5.0.3/lib/action_dispatch/middleware/templates/rescues/diagnostics.html.erb within rescues/layout
  Rendering c:/RailsInstaller/Ruby2.3.0/lib/ruby/gems/2.3.0/gems/actionpack-5.0.3/lib/action_dispatch/middleware/templates/rescues/_source.html.erb
  Rendered c:/RailsInstaller/Ruby2.3.0/lib/ruby/gems/2.3.0/gems/actionpack-5.0.3/lib/action_dispatch/middleware/templates/rescues/_source.html.erb (3.0ms)
  Rendering c:/RailsInstaller/Ruby2.3.0/lib/ruby/gems/2.3.0/gems/actionpack-5.0.3/lib/action_dispatch/middleware/templates/rescues/_trace.html.erb
  Rendered c:/RailsInstaller/Ruby2.3.0/lib/ruby/gems/2.3.0/gems/actionpack-5.0.3/lib/action_dispatch/middleware/templates/rescues/_trace.html.erb (2.0ms)
  Rendering c:/RailsInstaller/Ruby2.3.0/lib/ruby/gems/2.3.0/gems/actionpack-5.0.3/lib/action_dispatch/middleware/templates/rescues/_request_and_response.html.erb
  Rendered c:/RailsInstaller/Ruby2.3.0/lib/ruby/gems/2.3.0/gems/actionpack-5.0.3/lib/action_dispatch/middleware/templates/rescues/_request_and_response.html.erb (26.0ms)
  Rendered c:/RailsInstaller/Ruby2.3.0/lib/ruby/gems/2.3.0/gems/actionpack-5.0.3/lib/action_dispatch/middleware/templates/rescues/diagnostics.html.erb within rescues/layout (951.7ms)
Started GET "/" for 127.0.0.1 at 2017-05-13 18:25:03 -0400
  
AbstractController::Helpers::MissingHelperError (Missing helper file helpers/c:/users/mike/desktop/coding_all/rails/sample_app/app/helpers/application_helper.rb_helper.rb):
  
app/controllers/application_controller.rb:1:in `<top (required)>'
  Rendering c:/RailsInstaller/Ruby2.3.0/lib/ruby/gems/2.3.0/gems/actionpack-5.0.3/lib/action_dispatch/middleware/templates/rescues/diagnostics.html.erb within rescues/layout
  Rendering c:/RailsInstaller/Ruby2.3.0/lib/ruby/gems/2.3.0/gems/actionpack-5.0.3/lib/action_dispatch/middleware/templates/rescues/_source.html.erb
  Rendered c:/RailsInstaller/Ruby2.3.0/lib/ruby/gems/2.3.0/gems/actionpack-5.0.3/lib/action_dispatch/middleware/templates/rescues/_source.html.erb (3.0ms)
  Rendering c:/RailsInstaller/Ruby2.3.0/lib/ruby/gems/2.3.0/gems/actionpack-5.0.3/lib/action_dispatch/middleware/templates/rescues/_trace.html.erb
  Rendered c:/RailsInstaller/Ruby2.3.0/lib/ruby/gems/2.3.0/gems/actionpack-5.0.3/lib/action_dispatch/middleware/templates/rescues/_trace.html.erb (2.0ms)
  Rendering c:/RailsInstaller/Ruby2.3.0/lib/ruby/gems/2.3.0/gems/actionpack-5.0.3/lib/action_dispatch/middleware/templates/rescues/_request_and_response.html.erb
  Rendered c:/RailsInstaller/Ruby2.3.0/lib/ruby/gems/2.3.0/gems/actionpack-5.0.3/lib/action_dispatch/middleware/templates/rescues/_request_and_response.html.erb (20.0ms)
  Rendered c:/RailsInstaller/Ruby2.3.0/lib/ruby/gems/2.3.0/gems/actionpack-5.0.3/lib/action_dispatch/middleware/templates/rescues/diagnostics.html.erb within rescues/layout (1230.9ms)
Started GET "/" for 127.0.0.1 at 2017-05-13 18:25:12 -0400
  
AbstractController::Helpers::MissingHelperError (Missing helper file helpers/c:/users/mike/desktop/coding_all/rails/sample_app/app/helpers/application_helper.rb_helper.rb):
  
app/controllers/application_controller.rb:1:in `<top (required)>'
  Rendering c:/RailsInstaller/Ruby2.3.0/lib/ruby/gems/2.3.0/gems/actionpack-5.0.3/lib/action_dispatch/middleware/templates/rescues/diagnostics.html.erb within rescues/layout
  Rendering c:/RailsInstaller/Ruby2.3.0/lib/ruby/gems/2.3.0/gems/actionpack-5.0.3/lib/action_dispatch/middleware/templates/rescues/_source.html.erb
  Rendered c:/RailsInstaller/Ruby2.3.0/lib/ruby/gems/2.3.0/gems/actionpack-5.0.3/lib/action_dispatch/middleware/templates/rescues/_source.html.erb (5.0ms)
  Rendering c:/RailsInstaller/Ruby2.3.0/lib/ruby/gems/2.3.0/gems/actionpack-5.0.3/lib/action_dispatch/middleware/templates/rescues/_trace.html.erb
  Rendered c:/RailsInstaller/Ruby2.3.0/lib/ruby/gems/2.3.0/gems/actionpack-5.0.3/lib/action_dispatch/middleware/templates/rescues/_trace.html.erb (2.0ms)
  Rendering c:/RailsInstaller/Ruby2.3.0/lib/ruby/gems/2.3.0/gems/actionpack-5.0.3/lib/action_dispatch/middleware/templates/rescues/_request_and_response.html.erb
  Rendered c:/RailsInstaller/Ruby2.3.0/lib/ruby/gems/2.3.0/gems/actionpack-5.0.3/lib/action_dispatch/middleware/templates/rescues/_request_and_response.html.erb (2.0ms)
  Rendered c:/RailsInstaller/Ruby2.3.0/lib/ruby/gems/2.3.0/gems/actionpack-5.0.3/lib/action_dispatch/middleware/templates/rescues/diagnostics.html.erb within rescues/layout (1140.8ms)
Started GET "/" for 127.0.0.1 at 2017-05-13 18:35:22 -0400
Processing by ApplicationController#hello as HTML
  Rendering html template
  Rendered html template (1.0ms)
Completed 200 OK in 37ms (Views: 19.6ms | ActiveRecord: 0.0ms)


Started GET "/" for 127.0.0.1 at 2017-05-13 18:49:01 -0400
Processing by ApplicationController#hello as HTML
  Rendering html template
  Rendered html template (0.0ms)
Completed 200 OK in 2ms (Views: 0.8ms | ActiveRecord: 0.0ms)


Started GET "/" for 127.0.0.1 at 2017-05-13 18:50:49 -0400
Processing by ApplicationController#hello as HTML
  Rendering html template
  Rendered html template (0.0ms)
Completed 200 OK in 38ms (Views: 21.9ms | ActiveRecord: 0.0ms)


Started GET "/" for 127.0.0.1 at 2017-05-13 18:51:11 -0400
Processing by ApplicationController#hello as HTML
  Rendering html template
  Rendered html template (0.0ms)
Completed 200 OK in 36ms (Views: 20.2ms | ActiveRecord: 0.0ms)


Started GET "/" for 127.0.0.1 at 2017-05-13 18:51:17 -0400
Processing by ApplicationController#hello as HTML
  Rendering html template
  Rendered html template (0.0ms)
Completed 200 OK in 2ms (Views: 0.8ms | ActiveRecord: 0.0ms)


Started GET "/" for 127.0.0.1 at 2017-05-13 18:51:44 -0400
Processing by ApplicationController#hello as HTML
  Rendering html template
  Rendered html template (0.0ms)
Completed 200 OK in 37ms (Views: 20.4ms | ActiveRecord: 0.0ms)


Started GET "/" for 127.0.0.1 at 2017-05-13 18:52:12 -0400
Started GET "/" for 127.0.0.1 at 2017-05-13 18:52:27 -0400
  
SyntaxError (c:/Users/Mike/Desktop/coding_all/rails/sample_app/app/controllers/application_controller.rb:12: syntax error, unexpected tIDENTIFIER, expecting keyword_do or '{' or '('):
  
app/controllers/application_controller.rb:12: syntax error, unexpected tIDENTIFIER, expecting keyword_do or '{' or '('
  Rendering c:/RailsInstaller/Ruby2.3.0/lib/ruby/gems/2.3.0/gems/actionpack-5.0.3/lib/action_dispatch/middleware/templates/rescues/diagnostics.html.erb within rescues/layout
  Rendering c:/RailsInstaller/Ruby2.3.0/lib/ruby/gems/2.3.0/gems/actionpack-5.0.3/lib/action_dispatch/middleware/templates/rescues/_source.html.erb
  Rendered c:/RailsInstaller/Ruby2.3.0/lib/ruby/gems/2.3.0/gems/actionpack-5.0.3/lib/action_dispatch/middleware/templates/rescues/_source.html.erb (4.0ms)
  Rendering c:/RailsInstaller/Ruby2.3.0/lib/ruby/gems/2.3.0/gems/actionpack-5.0.3/lib/action_dispatch/middleware/templates/rescues/_trace.html.erb
  Rendered c:/RailsInstaller/Ruby2.3.0/lib/ruby/gems/2.3.0/gems/actionpack-5.0.3/lib/action_dispatch/middleware/templates/rescues/_trace.html.erb (2.0ms)
  Rendering c:/RailsInstaller/Ruby2.3.0/lib/ruby/gems/2.3.0/gems/actionpack-5.0.3/lib/action_dispatch/middleware/templates/rescues/_request_and_response.html.erb
  Rendered c:/RailsInstaller/Ruby2.3.0/lib/ruby/gems/2.3.0/gems/actionpack-5.0.3/lib/action_dispatch/middleware/templates/rescues/_request_and_response.html.erb (16.0ms)
  Rendered c:/RailsInstaller/Ruby2.3.0/lib/ruby/gems/2.3.0/gems/actionpack-5.0.3/lib/action_dispatch/middleware/templates/rescues/diagnostics.html.erb within rescues/layout (1203.9ms)
Started GET "/" for 127.0.0.1 at 2017-05-13 18:53:12 -0400
Processing by ApplicationController#hello as HTML
  Rendering html template
  Rendered html template (0.0ms)
Completed 200 OK in 37ms (Views: 18.2ms | ActiveRecord: 0.0ms)


Started GET "/" for 127.0.0.1 at 2017-05-13 18:53:38 -0400
  
SyntaxError (c:/Users/Mike/Desktop/coding_all/rails/sample_app/app/controllers/application_controller.rb:11: syntax error, unexpected tIDENTIFIER, expecting keyword_end
	x = "goodbye"
	            ^
c:/Users/Mike/Desktop/coding_all/rails/sample_app/app/controllers/application_controller.rb:18: syntax error, unexpected keyword_end, expecting end-of-input):
  
app/controllers/application_controller.rb:11: syntax error, unexpected tIDENTIFIER, expecting keyword_end
app/controllers/application_controller.rb:18: syntax error, unexpected keyword_end, expecting end-of-input
  Rendering c:/RailsInstaller/Ruby2.3.0/lib/ruby/gems/2.3.0/gems/actionpack-5.0.3/lib/action_dispatch/middleware/templates/rescues/diagnostics.html.erb within rescues/layout
  Rendering c:/RailsInstaller/Ruby2.3.0/lib/ruby/gems/2.3.0/gems/actionpack-5.0.3/lib/action_dispatch/middleware/templates/rescues/_source.html.erb
  Rendered c:/RailsInstaller/Ruby2.3.0/lib/ruby/gems/2.3.0/gems/actionpack-5.0.3/lib/action_dispatch/middleware/templates/rescues/_source.html.erb (5.0ms)
  Rendering c:/RailsInstaller/Ruby2.3.0/lib/ruby/gems/2.3.0/gems/actionpack-5.0.3/lib/action_dispatch/middleware/templates/rescues/_trace.html.erb
  Rendered c:/RailsInstaller/Ruby2.3.0/lib/ruby/gems/2.3.0/gems/actionpack-5.0.3/lib/action_dispatch/middleware/templates/rescues/_trace.html.erb (3.0ms)
  Rendering c:/RailsInstaller/Ruby2.3.0/lib/ruby/gems/2.3.0/gems/actionpack-5.0.3/lib/action_dispatch/middleware/templates/rescues/_request_and_response.html.erb
  Rendered c:/RailsInstaller/Ruby2.3.0/lib/ruby/gems/2.3.0/gems/actionpack-5.0.3/lib/action_dispatch/middleware/templates/rescues/_request_and_response.html.erb (17.0ms)
  Rendered c:/RailsInstaller/Ruby2.3.0/lib/ruby/gems/2.3.0/gems/actionpack-5.0.3/lib/action_dispatch/middleware/templates/rescues/diagnostics.html.erb within rescues/layout (1221.9ms)
Started GET "/" for 127.0.0.1 at 2017-05-13 18:54:03 -0400
Processing by ApplicationController#hello as HTML
  Rendering html template
  Rendered html template (0.0ms)
Completed 200 OK in 36ms (Views: 20.0ms | ActiveRecord: 0.0ms)


Started GET "/" for 127.0.0.1 at 2017-05-13 18:54:57 -0400
Processing by ApplicationController#goodbye as HTML
  Rendering html template
  Rendered html template (0.0ms)
Completed 200 OK in 35ms (Views: 17.7ms | ActiveRecord: 0.0ms)


Started GET "/" for 127.0.0.1 at 2017-05-13 18:56:45 -0400
Processing by ApplicationController#hello as HTML
  Rendering html template
  Rendered html template (0.0ms)
Completed 200 OK in 39ms (Views: 19.6ms | ActiveRecord: 0.0ms)


